2025-11-05 18:01:04.441 [WARN ] [restartedMain] o.s.s.c.a.w.b.WebSecurity - You are asking Spring Security to ignore Deferred [Mvc [pattern='/__authprobe'], Ant [pattern='/__authprobe']]. This is not recommended -- please use permitAll via HttpSecurity#authorizeHttpRequests instead.

2025-11-05 18:01:04.443 [WARN ] [restartedMain] o.s.s.c.a.w.b.WebSecurity - You are asking Spring Security to ignore Deferred [Mvc [pattern='/images/**'], Ant [pattern='/images/**']]. This is not recommended -- please use permitAll via HttpSecurity#authorizeHttpRequests instead.

2025-11-05 18:01:04.591 [INFO ] [restartedMain] o.s.b.d.a.OptionalLiveReloadServer - LiveReload server is running on port 35729

2025-11-05 18:01:04.602 [INFO ] [restartedMain] o.a.c.h.Http11NioProtocol - Starting ProtocolHandler ["http-nio-8181"]

2025-11-05 18:01:04.621 [INFO ] [restartedMain] o.s.b.w.e.t.TomcatWebServer - Tomcat started on port 8181 (http) with context path '/'

2025-11-05 18:01:04.630 [INFO ] [restartedMain] c.g.BackendApplication - Started BackendApplication in 1.893 seconds (process running for 2.481)

2025-11-06 15:12:48.337 [INFO ] [background-preinit] o.h.v.i.u.Version - HV000001: Hibernate Validator 8.0.3.Final

2025-11-06 15:12:48.373 [INFO ] [restartedMain] c.g.BackendApplication - Starting BackendApplication using Java 17.0.11 with PID 5776 (E:\javateam\works\spring_8\backend\bin\main started by Administrator in E:\javateam\works\spring_8\backend)

2025-11-06 15:12:48.376 [INFO ] [restartedMain] c.g.BackendApplication - The following 1 profile is active: "dev"

2025-11-06 15:12:48.414 [INFO ] [restartedMain] o.s.b.d.r.ChangeableUrls - The Class-Path manifest attribute in C:\Users\Administrator\.gradle\caches\modules-2\files-2.1\com.oracle.database.jdbc\ojdbc8\18.3.0.0\4acaa9ab2b7470fa80f0a8ec416d7ea86608ac8c\ojdbc8-18.3.0.0.jar referenced one or more files that do not exist: file:/C:/Users/Administrator/.gradle/caches/modules-2/files-2.1/com.oracle.database.jdbc/ojdbc8/18.3.0.0/4acaa9ab2b7470fa80f0a8ec416d7ea86608ac8c/oraclepki.jar

2025-11-06 15:12:48.414 [INFO ] [restartedMain] o.s.b.d.e.DevToolsPropertyDefaultsPostProcessor - Devtools property defaults active! Set 'spring.devtools.add-properties' to 'false' to disable

2025-11-06 15:12:48.415 [INFO ] [restartedMain] o.s.b.d.e.DevToolsPropertyDefaultsPostProcessor - For additional web related logging consider setting the 'logging.level.web' property to 'DEBUG'

2025-11-06 15:12:49.663 [INFO ] [restartedMain] o.s.b.w.e.t.TomcatWebServer - Tomcat initialized with port 8181 (http)

2025-11-06 15:12:49.674 [INFO ] [restartedMain] o.a.c.h.Http11NioProtocol - Initializing ProtocolHandler ["http-nio-8181"]

2025-11-06 15:12:49.676 [INFO ] [restartedMain] o.a.c.c.StandardService - Starting service [Tomcat]

2025-11-06 15:12:49.676 [INFO ] [restartedMain] o.a.c.c.StandardEngine - Starting Servlet engine: [Apache Tomcat/10.1.44]

2025-11-06 15:12:49.722 [INFO ] [restartedMain] o.a.c.c.C.[.[.[/] - Initializing Spring embedded WebApplicationContext

2025-11-06 15:12:49.723 [INFO ] [restartedMain] o.s.b.w.s.c.ServletWebServerApplicationContext - Root WebApplicationContext: initialization completed in 1308 ms

2025-11-06 15:12:50.026 [INFO ] [restartedMain] c.g.s.NewJwtTokenProvider - [init] NewJwtTokenProvider 초기화 완료

2025-11-06 15:12:50.252 [INFO ] [restartedMain] o.s.s.c.a.a.c.InitializeUserDetailsBeanManagerConfigurer$InitializeUserDetailsManagerConfigurer - Global AuthenticationManager configured with UserDetailsService bean with name userDetailsServiceImpl

2025-11-06 15:12:50.561 [WARN ] [restartedMain] o.s.s.c.a.w.b.WebSecurity - You are asking Spring Security to ignore Deferred [Mvc [pattern='/'], Ant [pattern='/']]. This is not recommended -- please use permitAll via HttpSecurity#authorizeHttpRequests instead.

2025-11-06 15:12:50.561 [WARN ] [restartedMain] o.s.s.c.a.w.b.WebSecurity - You are asking Spring Security to ignore Deferred [Mvc [pattern='/v3/api-docs/**'], Ant [pattern='/v3/api-docs/**']]. This is not recommended -- please use permitAll via HttpSecurity#authorizeHttpRequests instead.

2025-11-06 15:12:50.561 [WARN ] [restartedMain] o.s.s.c.a.w.b.WebSecurity - You are asking Spring Security to ignore Deferred [Mvc [pattern='/favicon.ico'], Ant [pattern='/favicon.ico']]. This is not recommended -- please use permitAll via HttpSecurity#authorizeHttpRequests instead.

2025-11-06 15:12:50.561 [WARN ] [restartedMain] o.s.s.c.a.w.b.WebSecurity - You are asking Spring Security to ignore Deferred [Mvc [pattern='/swagger-ui/**'], Ant [pattern='/swagger-ui/**']]. This is not recommended -- please use permitAll via HttpSecurity#authorizeHttpRequests instead.

2025-11-06 15:12:50.561 [WARN ] [restartedMain] o.s.s.c.a.w.b.WebSecurity - You are asking Spring Security to ignore Deferred [Mvc [pattern='/swagger-resources/**'], Ant [pattern='/swagger-resources/**']]. This is not recommended -- please use permitAll via HttpSecurity#authorizeHttpRequests instead.

2025-11-06 15:12:50.561 [WARN ] [restartedMain] o.s.s.c.a.w.b.WebSecurity - You are asking Spring Security to ignore Deferred [Mvc [pattern='/webjars/**'], Ant [pattern='/webjars/**']]. This is not recommended -- please use permitAll via HttpSecurity#authorizeHttpRequests instead.

