2025-11-05 17:57:59.199 [INFO ] [restartedMain] c.g.BackendApplication - The following 1 profile is active: "dev"

2025-11-05 17:57:59.367 [INFO ] [restartedMain] o.s.b.w.e.t.TomcatWebServer - Tomcat initialized with port 8181 (http)

2025-11-05 17:57:59.368 [INFO ] [restartedMain] o.a.c.h.Http11NioProtocol - Initializing ProtocolHandler ["http-nio-8181"]

2025-11-05 17:57:59.368 [INFO ] [restartedMain] o.a.c.c.StandardService - Starting service [Tomcat]

2025-11-05 17:57:59.368 [INFO ] [restartedMain] o.a.c.c.StandardEngine - Starting Servlet engine: [Apache Tomcat/10.1.44]

2025-11-05 17:57:59.376 [INFO ] [restartedMain] o.a.c.c.C.[.[.[/] - Initializing Spring embedded WebApplicationContext

2025-11-05 17:57:59.376 [INFO ] [restartedMain] o.s.b.w.s.c.ServletWebServerApplicationContext - Root WebApplicationContext: initialization completed in 176 ms

2025-11-05 17:57:59.436 [INFO ] [restartedMain] c.g.s.NewJwtTokenProvider - [init] NewJwtTokenProvider 초기화 완료

2025-11-05 17:57:59.520 [INFO ] [restartedMain] o.s.s.c.a.a.c.InitializeUserDetailsBeanManagerConfigurer$InitializeUserDetailsManagerConfigurer - Global AuthenticationManager configured with UserDetailsService bean with name userDetailsServiceImpl

2025-11-05 17:57:59.638 [WARN ] [restartedMain] o.s.s.c.a.w.b.WebSecurity - You are asking Spring Security to ignore Deferred [Mvc [pattern='/'], Ant [pattern='/']]. This is not recommended -- please use permitAll via HttpSecurity#authorizeHttpRequests instead.

2025-11-05 17:57:59.638 [WARN ] [restartedMain] o.s.s.c.a.w.b.WebSecurity - You are asking Spring Security to ignore Deferred [Mvc [pattern='/v3/api-docs/**'], Ant [pattern='/v3/api-docs/**']]. This is not recommended -- please use permitAll via HttpSecurity#authorizeHttpRequests instead.

2025-11-05 17:57:59.638 [WARN ] [restartedMain] o.s.s.c.a.w.b.WebSecurity - You are asking Spring Security to ignore Deferred [Mvc [pattern='/favicon.ico'], Ant [pattern='/favicon.ico']]. This is not recommended -- please use permitAll via HttpSecurity#authorizeHttpRequests instead.

2025-11-05 17:57:59.639 [WARN ] [restartedMain] o.s.s.c.a.w.b.WebSecurity - You are asking Spring Security to ignore Deferred [Mvc [pattern='/swagger-ui/**'], Ant [pattern='/swagger-ui/**']]. This is not recommended -- please use permitAll via HttpSecurity#authorizeHttpRequests instead.

2025-11-05 17:57:59.639 [WARN ] [restartedMain] o.s.s.c.a.w.b.WebSecurity - You are asking Spring Security to ignore Deferred [Mvc [pattern='/swagger-resources/**'], Ant [pattern='/swagger-resources/**']]. This is not recommended -- please use permitAll via HttpSecurity#authorizeHttpRequests instead.

2025-11-05 17:57:59.639 [WARN ] [restartedMain] o.s.s.c.a.w.b.WebSecurity - You are asking Spring Security to ignore Deferred [Mvc [pattern='/webjars/**'], Ant [pattern='/webjars/**']]. This is not recommended -- please use permitAll via HttpSecurity#authorizeHttpRequests instead.

2025-11-05 17:57:59.639 [WARN ] [restartedMain] o.s.s.c.a.w.b.WebSecurity - You are asking Spring Security to ignore Deferred [Mvc [pattern='/sign-api/exception'], Ant [pattern='/sign-api/exception']]. This is not recommended -- please use permitAll via HttpSecurity#authorizeHttpRequests instead.

2025-11-05 17:57:59.639 [WARN ] [restartedMain] o.s.s.c.a.w.b.WebSecurity - You are asking Spring Security to ignore Deferred [Mvc [pattern='/__authprobe'], Ant [pattern='/__authprobe']]. This is not recommended -- please use permitAll via HttpSecurity#authorizeHttpRequests instead.

2025-11-05 17:57:59.639 [WARN ] [restartedMain] o.s.s.c.a.w.b.WebSecurity - You are asking Spring Security to ignore Deferred [Mvc [pattern='/images/**'], Ant [pattern='/images/**']]. This is not recommended -- please use permitAll via HttpSecurity#authorizeHttpRequests instead.

2025-11-05 17:57:59.679 [INFO ] [restartedMain] o.s.b.d.a.OptionalLiveReloadServer - LiveReload server is running on port 35729

2025-11-05 17:57:59.685 [INFO ] [restartedMain] o.a.c.h.Http11NioProtocol - Starting ProtocolHandler ["http-nio-8181"]

2025-11-05 17:57:59.688 [INFO ] [restartedMain] o.s.b.w.e.t.TomcatWebServer - Tomcat started on port 8181 (http) with context path '/'

2025-11-05 17:57:59.691 [INFO ] [restartedMain] c.g.BackendApplication - Started BackendApplication in 0.509 seconds (process running for 1292.505)

2025-11-05 17:57:59.692 [INFO ] [restartedMain] o.s.b.d.a.ConditionEvaluationDeltaLoggingListener - Condition evaluation unchanged

2025-11-05 18:00:48.421 [INFO ] [File Watcher] o.s.b.d.a.LocalDevToolsAutoConfiguration$RestartingClassPathChangeChangedEventListener - Restarting due to 1 class path change (0 additions, 0 deletions, 1 modification)

2025-11-05 18:00:48.422 [INFO ] [Thread-31] o.s.b.w.e.t.GracefulShutdown - Commencing graceful shutdown. Waiting for active requests to complete

2025-11-05 18:00:48.422 [INFO ] [tomcat-shutdown] o.a.c.h.Http11NioProtocol - Pausing ProtocolHandler ["http-nio-8181"]

2025-11-05 18:00:48.521 [INFO ] [tomcat-shutdown] o.s.b.w.e.t.GracefulShutdown - Graceful shutdown complete

