2025-11-05 12:18:24.546 [INFO ] [RMI TCP Connection(7)-127.0.0.1] o.s.b.a.SpringApplicationAdminMXBeanRegistrar$SpringApplicationAdmin - Application shutdown requested.

2025-11-05 12:18:24.550 [INFO ] [RMI TCP Connection(7)-127.0.0.1] o.s.b.w.e.t.GracefulShutdown - Commencing graceful shutdown. Waiting for active requests to complete

2025-11-05 12:18:24.553 [INFO ] [tomcat-shutdown] o.a.c.h.Http11NioProtocol - Pausing ProtocolHandler ["http-nio-8181"]

2025-11-05 12:18:24.786 [INFO ] [tomcat-shutdown] o.s.b.w.e.t.GracefulShutdown - Graceful shutdown complete

2025-11-05 12:18:24.787 [INFO ] [RMI TCP Connection(7)-127.0.0.1] o.a.c.h.Http11NioProtocol - Stopping ProtocolHandler ["http-nio-8181"]

2025-11-05 17:27:14.112 [INFO ] [background-preinit] o.h.v.i.u.Version - HV000001: Hibernate Validator 8.0.3.Final

2025-11-05 17:27:14.151 [INFO ] [restartedMain] c.g.BackendApplication - Starting BackendApplication using Java 17.0.12 with PID 21460 (D:\developer_project\git_repo\gymk\backend\bin\main started by kimsooheon in D:\developer_project\git_repo\gymk\backend)

2025-11-05 17:27:14.154 [INFO ] [restartedMain] c.g.BackendApplication - The following 1 profile is active: "dev"

2025-11-05 17:27:14.187 [INFO ] [restartedMain] o.s.b.d.r.ChangeableUrls - The Class-Path manifest attribute in D:\developer_project\repo\gradle\caches\modules-2\files-2.1\com.oracle.database.jdbc\ojdbc8\18.3.0.0\4acaa9ab2b7470fa80f0a8ec416d7ea86608ac8c\ojdbc8-18.3.0.0.jar referenced one or more files that do not exist: file:/D:/developer_project/repo/gradle/caches/modules-2/files-2.1/com.oracle.database.jdbc/ojdbc8/18.3.0.0/4acaa9ab2b7470fa80f0a8ec416d7ea86608ac8c/oraclepki.jar

2025-11-05 17:27:14.187 [INFO ] [restartedMain] o.s.b.d.e.DevToolsPropertyDefaultsPostProcessor - Devtools property defaults active! Set 'spring.devtools.add-properties' to 'false' to disable

2025-11-05 17:27:14.187 [INFO ] [restartedMain] o.s.b.d.e.DevToolsPropertyDefaultsPostProcessor - For additional web related logging consider setting the 'logging.level.web' property to 'DEBUG'

2025-11-05 17:27:15.098 [INFO ] [restartedMain] o.s.b.w.e.t.TomcatWebServer - Tomcat initialized with port 8181 (http)

2025-11-05 17:27:15.109 [INFO ] [restartedMain] o.a.c.h.Http11NioProtocol - Initializing ProtocolHandler ["http-nio-8181"]

2025-11-05 17:27:15.110 [INFO ] [restartedMain] o.a.c.c.StandardService - Starting service [Tomcat]

2025-11-05 17:27:15.110 [INFO ] [restartedMain] o.a.c.c.StandardEngine - Starting Servlet engine: [Apache Tomcat/10.1.44]

2025-11-05 17:27:15.150 [INFO ] [restartedMain] o.a.c.c.C.[.[.[/] - Initializing Spring embedded WebApplicationContext

2025-11-05 17:27:15.150 [INFO ] [restartedMain] o.s.b.w.s.c.ServletWebServerApplicationContext - Root WebApplicationContext: initialization completed in 963 ms

2025-11-05 17:27:15.484 [INFO ] [restartedMain] c.g.s.NewJwtTokenProvider - [init] NewJwtTokenProvider 초기화 완료

2025-11-05 17:27:15.675 [INFO ] [restartedMain] o.s.s.c.a.a.c.InitializeUserDetailsBeanManagerConfigurer$InitializeUserDetailsManagerConfigurer - Global AuthenticationManager configured with UserDetailsService bean with name userDetailsServiceImpl

2025-11-05 17:27:15.936 [WARN ] [restartedMain] o.s.s.c.a.w.b.WebSecurity - You are asking Spring Security to ignore Deferred [Mvc [pattern='/'], Ant [pattern='/']]. This is not recommended -- please use permitAll via HttpSecurity#authorizeHttpRequests instead.

2025-11-05 17:27:15.937 [WARN ] [restartedMain] o.s.s.c.a.w.b.WebSecurity - You are asking Spring Security to ignore Deferred [Mvc [pattern='/v3/api-docs/**'], Ant [pattern='/v3/api-docs/**']]. This is not recommended -- please use permitAll via HttpSecurity#authorizeHttpRequests instead.

2025-11-05 17:27:15.937 [WARN ] [restartedMain] o.s.s.c.a.w.b.WebSecurity - You are asking Spring Security to ignore Deferred [Mvc [pattern='/favicon.ico'], Ant [pattern='/favicon.ico']]. This is not recommended -- please use permitAll via HttpSecurity#authorizeHttpRequests instead.

2025-11-05 17:27:15.937 [WARN ] [restartedMain] o.s.s.c.a.w.b.WebSecurity - You are asking Spring Security to ignore Deferred [Mvc [pattern='/swagger-ui/**'], Ant [pattern='/swagger-ui/**']]. This is not recommended -- please use permitAll via HttpSecurity#authorizeHttpRequests instead.

2025-11-05 17:27:15.937 [WARN ] [restartedMain] o.s.s.c.a.w.b.WebSecurity - You are asking Spring Security to ignore Deferred [Mvc [pattern='/swagger-resources/**'], Ant [pattern='/swagger-resources/**']]. This is not recommended -- please use permitAll via HttpSecurity#authorizeHttpRequests instead.

2025-11-05 17:27:15.937 [WARN ] [restartedMain] o.s.s.c.a.w.b.WebSecurity - You are asking Spring Security to ignore Deferred [Mvc [pattern='/webjars/**'], Ant [pattern='/webjars/**']]. This is not recommended -- please use permitAll via HttpSecurity#authorizeHttpRequests instead.

2025-11-05 17:27:15.937 [WARN ] [restartedMain] o.s.s.c.a.w.b.WebSecurity - You are asking Spring Security to ignore Deferred [Mvc [pattern='/sign-api/exception'], Ant [pattern='/sign-api/exception']]. This is not recommended -- please use permitAll via HttpSecurity#authorizeHttpRequests instead.

