2025-11-05 17:38:43.766 [WARN ] [restartedMain] o.s.s.c.a.w.b.WebSecurity - You are asking Spring Security to ignore Deferred [Mvc [pattern='/v3/api-docs/**'], Ant [pattern='/v3/api-docs/**']]. This is not recommended -- please use permitAll via HttpSecurity#authorizeHttpRequests instead.

2025-11-05 17:38:43.768 [WARN ] [restartedMain] o.s.s.c.a.w.b.WebSecurity - You are asking Spring Security to ignore Deferred [Mvc [pattern='/favicon.ico'], Ant [pattern='/favicon.ico']]. This is not recommended -- please use permitAll via HttpSecurity#authorizeHttpRequests instead.

2025-11-05 17:38:43.768 [WARN ] [restartedMain] o.s.s.c.a.w.b.WebSecurity - You are asking Spring Security to ignore Deferred [Mvc [pattern='/swagger-ui/**'], Ant [pattern='/swagger-ui/**']]. This is not recommended -- please use permitAll via HttpSecurity#authorizeHttpRequests instead.

2025-11-05 17:38:43.777 [WARN ] [restartedMain] o.s.s.c.a.w.b.WebSecurity - You are asking Spring Security to ignore Deferred [Mvc [pattern='/swagger-resources/**'], Ant [pattern='/swagger-resources/**']]. This is not recommended -- please use permitAll via HttpSecurity#authorizeHttpRequests instead.

2025-11-05 17:38:43.777 [WARN ] [restartedMain] o.s.s.c.a.w.b.WebSecurity - You are asking Spring Security to ignore Deferred [Mvc [pattern='/webjars/**'], Ant [pattern='/webjars/**']]. This is not recommended -- please use permitAll via HttpSecurity#authorizeHttpRequests instead.

2025-11-05 17:38:43.777 [WARN ] [restartedMain] o.s.s.c.a.w.b.WebSecurity - You are asking Spring Security to ignore Deferred [Mvc [pattern='/sign-api/exception'], Ant [pattern='/sign-api/exception']]. This is not recommended -- please use permitAll via HttpSecurity#authorizeHttpRequests instead.

2025-11-05 17:38:43.777 [WARN ] [restartedMain] o.s.s.c.a.w.b.WebSecurity - You are asking Spring Security to ignore Deferred [Mvc [pattern='/__authprobe'], Ant [pattern='/__authprobe']]. This is not recommended -- please use permitAll via HttpSecurity#authorizeHttpRequests instead.

2025-11-05 17:38:43.777 [WARN ] [restartedMain] o.s.s.c.a.w.b.WebSecurity - You are asking Spring Security to ignore Deferred [Mvc [pattern='/images/**'], Ant [pattern='/images/**']]. This is not recommended -- please use permitAll via HttpSecurity#authorizeHttpRequests instead.

2025-11-05 17:38:43.809 [INFO ] [restartedMain] o.s.b.d.a.OptionalLiveReloadServer - LiveReload server is running on port 35729

2025-11-05 17:38:43.813 [INFO ] [restartedMain] o.a.c.h.Http11NioProtocol - Starting ProtocolHandler ["http-nio-8181"]

2025-11-05 17:38:43.815 [INFO ] [restartedMain] o.s.b.w.e.t.TomcatWebServer - Tomcat started on port 8181 (http) with context path '/'

2025-11-05 17:38:43.819 [INFO ] [restartedMain] c.g.BackendApplication - Started BackendApplication in 0.517 seconds (process running for 136.633)

2025-11-05 17:38:43.820 [INFO ] [restartedMain] o.s.b.d.a.ConditionEvaluationDeltaLoggingListener - Condition evaluation unchanged

2025-11-05 17:39:52.838 [INFO ] [File Watcher] o.s.b.d.a.LocalDevToolsAutoConfiguration$RestartingClassPathChangeChangedEventListener - Restarting due to 1 class path change (0 additions, 0 deletions, 1 modification)

2025-11-05 17:39:52.842 [INFO ] [Thread-11] o.s.b.w.e.t.GracefulShutdown - Commencing graceful shutdown. Waiting for active requests to complete

2025-11-05 17:39:52.844 [INFO ] [tomcat-shutdown] o.a.c.h.Http11NioProtocol - Pausing ProtocolHandler ["http-nio-8181"]

2025-11-05 17:39:52.983 [INFO ] [tomcat-shutdown] o.s.b.w.e.t.GracefulShutdown - Graceful shutdown complete

2025-11-05 17:39:52.983 [INFO ] [Thread-11] o.a.c.h.Http11NioProtocol - Stopping ProtocolHandler ["http-nio-8181"]

2025-11-05 17:39:53.038 [INFO ] [restartedMain] c.g.BackendApplication - Starting BackendApplication using Java 17.0.12 with PID 17244 (D:\developer_project\git_work\backend\bin\main started by kimsooheon in D:\developer_project\git_work\backend)

2025-11-05 17:39:53.038 [INFO ] [restartedMain] c.g.BackendApplication - The following 1 profile is active: "dev"

2025-11-05 17:39:53.224 [INFO ] [restartedMain] o.s.b.w.e.t.TomcatWebServer - Tomcat initialized with port 8181 (http)

2025-11-05 17:39:53.225 [INFO ] [restartedMain] o.a.c.h.Http11NioProtocol - Initializing ProtocolHandler ["http-nio-8181"]

2025-11-05 17:39:53.225 [INFO ] [restartedMain] o.a.c.c.StandardService - Starting service [Tomcat]

2025-11-05 17:39:53.225 [INFO ] [restartedMain] o.a.c.c.StandardEngine - Starting Servlet engine: [Apache Tomcat/10.1.44]

2025-11-05 17:39:53.239 [INFO ] [restartedMain] o.a.c.c.C.[.[.[/] - Initializing Spring embedded WebApplicationContext

2025-11-05 17:39:53.239 [INFO ] [restartedMain] o.s.b.w.s.c.ServletWebServerApplicationContext - Root WebApplicationContext: initialization completed in 199 ms

2025-11-05 17:39:53.303 [INFO ] [restartedMain] c.g.s.NewJwtTokenProvider - [init] NewJwtTokenProvider 초기화 완료

2025-11-05 17:39:53.407 [INFO ] [restartedMain] o.s.s.c.a.a.c.InitializeUserDetailsBeanManagerConfigurer$InitializeUserDetailsManagerConfigurer - Global AuthenticationManager configured with UserDetailsService bean with name userDetailsServiceImpl

